running egg_info
creating ../../build/description/description.egg-info
writing ../../build/description/description.egg-info/PKG-INFO
writing dependency_links to ../../build/description/description.egg-info/dependency_links.txt
writing entry points to ../../build/description/description.egg-info/entry_points.txt
writing requirements to ../../build/description/description.egg-info/requires.txt
writing top-level names to ../../build/description/description.egg-info/top_level.txt
writing manifest file '../../build/description/description.egg-info/SOURCES.txt'
reading manifest file '../../build/description/description.egg-info/SOURCES.txt'
writing manifest file '../../build/description/description.egg-info/SOURCES.txt'
running build
running build_py
creating /home/tauver/my_rover_ws/build/description/build
creating /home/tauver/my_rover_ws/build/description/build/lib
creating /home/tauver/my_rover_ws/build/description/build/lib/description
copying description/__init__.py -> /home/tauver/my_rover_ws/build/description/build/lib/description
running install
running install_lib
creating /home/tauver/my_rover_ws/install/description/lib/python3.10/site-packages/description
copying /home/tauver/my_rover_ws/build/description/build/lib/description/__init__.py -> /home/tauver/my_rover_ws/install/description/lib/python3.10/site-packages/description
byte-compiling /home/tauver/my_rover_ws/install/description/lib/python3.10/site-packages/description/__init__.py to __init__.cpython-310.pyc
running install_data
copying package.xml -> /home/tauver/my_rover_ws/install/description/share/description
creating /home/tauver/my_rover_ws/install/description/share/description/urdf
copying urdf/my_rover.urdf -> /home/tauver/my_rover_ws/install/description/share/description/urdf
copying meshes/base_link.STL -> /home/tauver/my_rover_ws/install/description/share/description
copying meshes/end_effector.STL -> /home/tauver/my_rover_ws/install/description/share/description
copying meshes/link_1.STL -> /home/tauver/my_rover_ws/install/description/share/description
copying meshes/link_2.STL -> /home/tauver/my_rover_ws/install/description/share/description
copying meshes/link_3.STL -> /home/tauver/my_rover_ws/install/description/share/description
copying meshes/link_4.STL -> /home/tauver/my_rover_ws/install/description/share/description
running install_egg_info
Copying ../../build/description/description.egg-info to /home/tauver/my_rover_ws/install/description/lib/python3.10/site-packages/description-0.0.0-py3.10.egg-info
running install_scripts
writing list of installed files to '/home/tauver/my_rover_ws/build/description/install.log'
