[0.288s] DEBUG:colcon:Command line arguments: ['/usr/bin/colcon', 'build']
[0.289s] DEBUG:colcon:Parsed command line arguments: Namespace(log_base=None, log_level=None, verb_name='build', build_base='build', install_base='install', merge_install=False, symlink_install=False, test_result_base=None, continue_on_error=False, executor='parallel', parallel_workers=8, event_handlers=None, ignore_user_meta=False, metas=['./colcon.meta'], base_paths=['.'], packages_ignore=None, packages_ignore_regex=None, paths=None, packages_up_to=None, packages_up_to_regex=None, packages_above=None, packages_above_and_dependencies=None, packages_above_depth=None, packages_select_by_dep=None, packages_skip_by_dep=None, packages_skip_up_to=None, packages_select_build_failed=False, packages_skip_build_finished=False, packages_select_test_failures=False, packages_skip_test_passed=False, packages_select=None, packages_skip=None, packages_select_regex=None, packages_skip_regex=None, packages_start=None, packages_end=None, allow_overriding=[], cmake_args=None, cmake_target=None, cmake_target_skip_unavailable=False, cmake_clean_cache=False, cmake_clean_first=False, cmake_force_configure=False, ament_cmake_args=None, catkin_cmake_args=None, catkin_skip_building_tests=False, mixin_files=None, mixin=None, verb_parser=<colcon_mixin.mixin.mixin_argument.MixinArgumentDecorator object at 0x7f3fb2e2e7a0>, verb_extension=<colcon_core.verb.build.BuildVerb object at 0x7f3fb2e2e230>, main=<bound method BuildVerb.main of <colcon_core.verb.build.BuildVerb object at 0x7f3fb2e2e230>>, mixin_verb=('build',))
[0.589s] Level 1:colcon.colcon_core.package_discovery:discover_packages(colcon_meta) check parameters
[0.589s] Level 1:colcon.colcon_core.package_discovery:discover_packages(recursive) check parameters
[0.589s] Level 1:colcon.colcon_core.package_discovery:discover_packages(ignore) check parameters
[0.589s] Level 1:colcon.colcon_core.package_discovery:discover_packages(path) check parameters
[0.589s] Level 1:colcon.colcon_core.package_discovery:discover_packages(colcon_meta) discover
[0.589s] Level 1:colcon.colcon_core.package_discovery:discover_packages(recursive) discover
[0.589s] INFO:colcon.colcon_core.package_discovery:Crawling recursively for packages in '/home/tauver/my_rover_ws/src/description'
[0.590s] Level 1:colcon.colcon_core.package_identification:_identify(.) by extensions ['ignore', 'ignore_ament_install']
[0.590s] Level 1:colcon.colcon_core.package_identification:_identify(.) by extension 'ignore'
[0.590s] Level 1:colcon.colcon_core.package_identification:_identify(.) by extension 'ignore_ament_install'
[0.590s] Level 1:colcon.colcon_core.package_identification:_identify(.) by extensions ['colcon_pkg']
[0.590s] Level 1:colcon.colcon_core.package_identification:_identify(.) by extension 'colcon_pkg'
[0.590s] Level 1:colcon.colcon_core.package_identification:_identify(.) by extensions ['colcon_meta']
[0.590s] Level 1:colcon.colcon_core.package_identification:_identify(.) by extension 'colcon_meta'
[0.590s] Level 1:colcon.colcon_core.package_identification:_identify(.) by extensions ['ros']
[0.590s] Level 1:colcon.colcon_core.package_identification:_identify(.) by extension 'ros'
[0.604s] DEBUG:colcon.colcon_core.package_identification:Package '.' with type 'ros.ament_python' and name 'description'
[0.604s] Level 1:colcon.colcon_core.package_discovery:discover_packages(recursive) using defaults
[0.605s] Level 1:colcon.colcon_core.package_discovery:discover_packages(ignore) discover
[0.605s] Level 1:colcon.colcon_core.package_discovery:discover_packages(ignore) using defaults
[0.605s] Level 1:colcon.colcon_core.package_discovery:discover_packages(path) discover
[0.605s] Level 1:colcon.colcon_core.package_discovery:discover_packages(path) using defaults
[0.638s] Level 1:colcon.colcon_core.package_discovery:discover_packages(prefix_path) check parameters
[0.638s] Level 1:colcon.colcon_core.package_discovery:discover_packages(prefix_path) discover
[0.654s] DEBUG:colcon.colcon_installed_package_information.package_discovery:Found 2 installed packages in /home/tauver/my_rover_ws/install
[0.656s] DEBUG:colcon.colcon_installed_package_information.package_discovery:Found 55 installed packages in /home/tauver/ws_moveit/install
[0.658s] DEBUG:colcon.colcon_installed_package_information.package_discovery:Found 327 installed packages in /opt/ros/humble
[0.659s] Level 1:colcon.colcon_core.package_discovery:discover_packages(prefix_path) using defaults
[0.753s] Level 5:colcon.colcon_core.verb:set package 'description' build argument 'cmake_args' from command line to 'None'
[0.753s] Level 5:colcon.colcon_core.verb:set package 'description' build argument 'cmake_target' from command line to 'None'
[0.753s] Level 5:colcon.colcon_core.verb:set package 'description' build argument 'cmake_target_skip_unavailable' from command line to 'False'
[0.753s] Level 5:colcon.colcon_core.verb:set package 'description' build argument 'cmake_clean_cache' from command line to 'False'
[0.753s] Level 5:colcon.colcon_core.verb:set package 'description' build argument 'cmake_clean_first' from command line to 'False'
[0.753s] Level 5:colcon.colcon_core.verb:set package 'description' build argument 'cmake_force_configure' from command line to 'False'
[0.753s] Level 5:colcon.colcon_core.verb:set package 'description' build argument 'ament_cmake_args' from command line to 'None'
[0.753s] Level 5:colcon.colcon_core.verb:set package 'description' build argument 'catkin_cmake_args' from command line to 'None'
[0.753s] Level 5:colcon.colcon_core.verb:set package 'description' build argument 'catkin_skip_building_tests' from command line to 'False'
[0.753s] DEBUG:colcon.colcon_core.verb:Building package 'description' with the following arguments: {'ament_cmake_args': None, 'build_base': '/home/tauver/my_rover_ws/src/description/build/description', 'catkin_cmake_args': None, 'catkin_skip_building_tests': False, 'cmake_args': None, 'cmake_clean_cache': False, 'cmake_clean_first': False, 'cmake_force_configure': False, 'cmake_target': None, 'cmake_target_skip_unavailable': False, 'install_base': '/home/tauver/my_rover_ws/src/description/install/description', 'merge_install': False, 'path': '/home/tauver/my_rover_ws/src/description', 'symlink_install': False, 'test_result_base': None}
[0.753s] INFO:colcon.colcon_core.executor:Executing jobs using 'parallel' executor
[0.754s] DEBUG:colcon.colcon_parallel_executor.executor.parallel:run_until_complete
[0.754s] INFO:colcon.colcon_ros.task.ament_python.build:Building ROS package in '/home/tauver/my_rover_ws/src/description' with build type 'ament_python'
[0.754s] Level 1:colcon.colcon_core.shell:create_environment_hook('description', 'ament_prefix_path')
[0.759s] INFO:colcon.colcon_core.plugin_system:Skipping extension 'colcon_core.shell.bat': Not used on non-Windows systems
[0.759s] INFO:colcon.colcon_core.shell:Creating environment hook '/home/tauver/my_rover_ws/src/description/install/description/share/description/hook/ament_prefix_path.ps1'
[0.761s] INFO:colcon.colcon_core.shell:Creating environment descriptor '/home/tauver/my_rover_ws/src/description/install/description/share/description/hook/ament_prefix_path.dsv'
[0.762s] INFO:colcon.colcon_core.shell:Creating environment hook '/home/tauver/my_rover_ws/src/description/install/description/share/description/hook/ament_prefix_path.sh'
[0.762s] INFO:colcon.colcon_core.shell:Skip shell extension 'powershell' for command environment: Not usable outside of PowerShell
[0.763s] DEBUG:colcon.colcon_core.shell:Skip shell extension 'dsv' for command environment
[0.979s] WARNING:colcon.colcon_ros.task.ament_python.build:Package 'description' doesn't explicitly install a marker in the package index (colcon-ros currently does it implicitly but that fallback will be removed in the future)
[0.981s] INFO:colcon.colcon_core.task.python.build:Building Python package in '/home/tauver/my_rover_ws/src/description'
[0.981s] INFO:colcon.colcon_core.shell:Skip shell extension 'powershell' for command environment: Not usable outside of PowerShell
[0.981s] DEBUG:colcon.colcon_core.shell:Skip shell extension 'dsv' for command environment
[1.423s] DEBUG:colcon.colcon_core.event_handler.log_command:Invoking command in '/home/tauver/my_rover_ws/src/description': PYTHONPATH=/home/tauver/my_rover_ws/src/description/build/description/prefix_override:/usr/lib/python3/dist-packages/colcon_core/task/python/colcon_distutils_commands:/home/tauver/my_rover_ws/src/description/install/description/lib/python3.10/site-packages:${PYTHONPATH} /usr/bin/python3 -W ignore:setup.py install is deprecated -W ignore:easy_install command is deprecated setup.py egg_info --egg-base build/description build --build-base /home/tauver/my_rover_ws/src/description/build/description/build install --record /home/tauver/my_rover_ws/src/description/build/description/install.log --single-version-externally-managed install_data
[1.662s] DEBUG:colcon.colcon_core.event_handler.log_command:Invoked command in '/home/tauver/my_rover_ws/src/description' returned '0': PYTHONPATH=/home/tauver/my_rover_ws/src/description/build/description/prefix_override:/usr/lib/python3/dist-packages/colcon_core/task/python/colcon_distutils_commands:/home/tauver/my_rover_ws/src/description/install/description/lib/python3.10/site-packages:${PYTHONPATH} /usr/bin/python3 -W ignore:setup.py install is deprecated -W ignore:easy_install command is deprecated setup.py egg_info --egg-base build/description build --build-base /home/tauver/my_rover_ws/src/description/build/description/build install --record /home/tauver/my_rover_ws/src/description/build/description/install.log --single-version-externally-managed install_data
[1.669s] Level 1:colcon.colcon_core.environment:checking '/home/tauver/my_rover_ws/src/description/install/description' for CMake module files
[1.669s] Level 1:colcon.colcon_core.environment:checking '/home/tauver/my_rover_ws/src/description/install/description' for CMake config files
[1.670s] Level 1:colcon.colcon_core.environment:checking '/home/tauver/my_rover_ws/src/description/install/description/lib'
[1.670s] Level 1:colcon.colcon_core.environment:checking '/home/tauver/my_rover_ws/src/description/install/description/bin'
[1.670s] Level 1:colcon.colcon_core.environment:checking '/home/tauver/my_rover_ws/src/description/install/description/lib/pkgconfig/description.pc'
[1.670s] Level 1:colcon.colcon_core.environment:checking '/home/tauver/my_rover_ws/src/description/install/description/lib/python3.10/site-packages'
[1.670s] Level 1:colcon.colcon_core.shell:create_environment_hook('description', 'pythonpath')
[1.671s] INFO:colcon.colcon_core.shell:Creating environment hook '/home/tauver/my_rover_ws/src/description/install/description/share/description/hook/pythonpath.ps1'
[1.671s] INFO:colcon.colcon_core.shell:Creating environment descriptor '/home/tauver/my_rover_ws/src/description/install/description/share/description/hook/pythonpath.dsv'
[1.671s] INFO:colcon.colcon_core.shell:Creating environment hook '/home/tauver/my_rover_ws/src/description/install/description/share/description/hook/pythonpath.sh'
[1.672s] Level 1:colcon.colcon_core.environment:checking '/home/tauver/my_rover_ws/src/description/install/description/bin'
[1.672s] Level 1:colcon.colcon_core.environment:create_environment_scripts_only(description)
[1.672s] INFO:colcon.colcon_core.shell:Creating package script '/home/tauver/my_rover_ws/src/description/install/description/share/description/package.ps1'
[1.673s] INFO:colcon.colcon_core.shell:Creating package descriptor '/home/tauver/my_rover_ws/src/description/install/description/share/description/package.dsv'
[1.674s] INFO:colcon.colcon_core.shell:Creating package script '/home/tauver/my_rover_ws/src/description/install/description/share/description/package.sh'
[1.675s] INFO:colcon.colcon_core.shell:Creating package script '/home/tauver/my_rover_ws/src/description/install/description/share/description/package.bash'
[1.675s] INFO:colcon.colcon_core.shell:Creating package script '/home/tauver/my_rover_ws/src/description/install/description/share/description/package.zsh'
[1.676s] Level 1:colcon.colcon_core.environment:create_file_with_runtime_dependencies(/home/tauver/my_rover_ws/src/description/install/description/share/colcon-core/packages/description)
[1.677s] DEBUG:colcon.colcon_parallel_executor.executor.parallel:closing loop
[1.677s] DEBUG:colcon.colcon_parallel_executor.executor.parallel:loop closed
[1.677s] DEBUG:colcon.colcon_parallel_executor.executor.parallel:run_until_complete finished with '0'
[1.677s] DEBUG:colcon.colcon_core.event_reactor:joining thread
[1.716s] INFO:colcon.colcon_core.plugin_system:Skipping extension 'colcon_notification.desktop_notification.notify_send': Could not find 'notify-send'
[1.716s] INFO:colcon.colcon_core.plugin_system:Skipping extension 'colcon_notification.desktop_notification.terminal_notifier': Not used on non-Darwin systems
[1.716s] INFO:colcon.colcon_core.plugin_system:Skipping extension 'colcon_notification.desktop_notification.win32': Not used on non-Windows systems
[1.716s] INFO:colcon.colcon_notification.desktop_notification:Sending desktop notification using 'notify2'
[1.716s] DEBUG:colcon.colcon_notification.desktop_notification.notify2:Failed to initialize notify2: org.freedesktop.DBus.Error.FileNotFound: Failed to connect to socket /run/user/1000/bus: No such file or directory
[1.716s] DEBUG:colcon.colcon_core.event_reactor:joined thread
[1.717s] INFO:colcon.colcon_core.shell:Creating prefix script '/home/tauver/my_rover_ws/src/description/install/local_setup.ps1'
[1.717s] INFO:colcon.colcon_core.shell:Creating prefix util module '/home/tauver/my_rover_ws/src/description/install/_local_setup_util_ps1.py'
[1.719s] INFO:colcon.colcon_core.shell:Creating prefix chain script '/home/tauver/my_rover_ws/src/description/install/setup.ps1'
[1.721s] INFO:colcon.colcon_core.shell:Creating prefix script '/home/tauver/my_rover_ws/src/description/install/local_setup.sh'
[1.722s] INFO:colcon.colcon_core.shell:Creating prefix util module '/home/tauver/my_rover_ws/src/description/install/_local_setup_util_sh.py'
[1.723s] INFO:colcon.colcon_core.shell:Creating prefix chain script '/home/tauver/my_rover_ws/src/description/install/setup.sh'
[1.725s] INFO:colcon.colcon_core.shell:Creating prefix script '/home/tauver/my_rover_ws/src/description/install/local_setup.bash'
[1.726s] INFO:colcon.colcon_core.shell:Creating prefix chain script '/home/tauver/my_rover_ws/src/description/install/setup.bash'
[1.729s] INFO:colcon.colcon_core.shell:Creating prefix script '/home/tauver/my_rover_ws/src/description/install/local_setup.zsh'
[1.730s] INFO:colcon.colcon_core.shell:Creating prefix chain script '/home/tauver/my_rover_ws/src/description/install/setup.zsh'
