[0.504s] Invoking command in '/home/tauver/my_rover_ws/src/description': PYTHONPATH=/home/tauver/my_rover_ws/build/description/prefix_override:/usr/lib/python3/dist-packages/colcon_core/task/python/colcon_distutils_commands:/home/tauver/my_rover_ws/install/description/lib/python3.10/site-packages:${PYTHONPATH} /usr/bin/python3 -W ignore:setup.py install is deprecated -W ignore:easy_install command is deprecated setup.py egg_info --egg-base ../../build/description build --build-base /home/tauver/my_rover_ws/build/description/build install --record /home/tauver/my_rover_ws/build/description/install.log --single-version-externally-managed install_data
[0.695s] running egg_info
[0.695s] writing ../../build/description/description.egg-info/PKG-INFO
[0.696s] writing dependency_links to ../../build/description/description.egg-info/dependency_links.txt
[0.696s] writing entry points to ../../build/description/description.egg-info/entry_points.txt
[0.696s] writing requirements to ../../build/description/description.egg-info/requires.txt
[0.696s] writing top-level names to ../../build/description/description.egg-info/top_level.txt
[0.697s] reading manifest file '../../build/description/description.egg-info/SOURCES.txt'
[0.698s] writing manifest file '../../build/description/description.egg-info/SOURCES.txt'
[0.698s] running build
[0.698s] running build_py
[0.698s] running install
[0.698s] running install_lib
[0.699s] running install_data
[0.699s] copying urdf/my_rover.urdf -> /home/tauver/my_rover_ws/install/description/share/description/urdf
[0.700s] running install_egg_info
[0.701s] removing '/home/tauver/my_rover_ws/install/description/lib/python3.10/site-packages/description-0.0.0-py3.10.egg-info' (and everything under it)
[0.701s] Copying ../../build/description/description.egg-info to /home/tauver/my_rover_ws/install/description/lib/python3.10/site-packages/description-0.0.0-py3.10.egg-info
[0.702s] running install_scripts
[0.718s] writing list of installed files to '/home/tauver/my_rover_ws/build/description/install.log'
[0.735s] Invoked command in '/home/tauver/my_rover_ws/src/description' returned '0': PYTHONPATH=/home/tauver/my_rover_ws/build/description/prefix_override:/usr/lib/python3/dist-packages/colcon_core/task/python/colcon_distutils_commands:/home/tauver/my_rover_ws/install/description/lib/python3.10/site-packages:${PYTHONPATH} /usr/bin/python3 -W ignore:setup.py install is deprecated -W ignore:easy_install command is deprecated setup.py egg_info --egg-base ../../build/description build --build-base /home/tauver/my_rover_ws/build/description/build install --record /home/tauver/my_rover_ws/build/description/install.log --single-version-externally-managed install_data
