running develop
running egg_info
writing description.egg-info/PKG-INFO
writing dependency_links to description.egg-info/dependency_links.txt
writing entry points to description.egg-info/entry_points.txt
writing requirements to description.egg-info/requires.txt
writing top-level names to description.egg-info/top_level.txt
reading manifest file 'description.egg-info/SOURCES.txt'
writing manifest file 'description.egg-info/SOURCES.txt'
running build_ext
Creating /home/tauver/my_rover_ws/install/description/lib/python3.10/site-packages/description.egg-link (link to .)

Installed /home/tauver/my_rover_ws/build/description
running symlink_data
symbolically linking /home/tauver/my_rover_ws/build/description/package.xml -> /home/tauver/my_rover_ws/install/description/share/description
symbolically linking /home/tauver/my_rover_ws/build/description/urdf/my_rover.urdf -> /home/tauver/my_rover_ws/install/description/share/description/urdf
symbolically linking /home/tauver/my_rover_ws/build/description/meshes/base_link.STL -> /home/tauver/my_rover_ws/install/description/share/description
symbolically linking /home/tauver/my_rover_ws/build/description/meshes/end_effector.STL -> /home/tauver/my_rover_ws/install/description/share/description
symbolically linking /home/tauver/my_rover_ws/build/description/meshes/link_1.STL -> /home/tauver/my_rover_ws/install/description/share/description
symbolically linking /home/tauver/my_rover_ws/build/description/meshes/link_2.STL -> /home/tauver/my_rover_ws/install/description/share/description
symbolically linking /home/tauver/my_rover_ws/build/description/meshes/link_3.STL -> /home/tauver/my_rover_ws/install/description/share/description
symbolically linking /home/tauver/my_rover_ws/build/description/meshes/link_4.STL -> /home/tauver/my_rover_ws/install/description/share/description
