[0.502s] Invoking command in '/home/tauver/my_rover_ws/build/description': PYTHONPATH=/home/tauver/my_rover_ws/build/description/prefix_override:/usr/lib/python3/dist-packages/colcon_core/task/python/colcon_distutils_commands:/home/tauver/my_rover_ws/install/description/lib/python3.10/site-packages:${PYTHONPATH} /usr/bin/python3 -W ignore:setup.py install is deprecated -W ignore:easy_install command is deprecated setup.py develop --editable --build-directory /home/tauver/my_rover_ws/build/description/build --no-deps symlink_data --force
[0.724s] running develop
[0.855s] running egg_info
[0.855s] writing description.egg-info/PKG-INFO
[0.855s] writing dependency_links to description.egg-info/dependency_links.txt
[0.855s] writing entry points to description.egg-info/entry_points.txt
[0.856s] writing requirements to description.egg-info/requires.txt
[0.856s] writing top-level names to description.egg-info/top_level.txt
[0.857s] reading manifest file 'description.egg-info/SOURCES.txt'
[0.857s] writing manifest file 'description.egg-info/SOURCES.txt'
[0.859s] running build_ext
[0.859s] Creating /home/tauver/my_rover_ws/install/description/lib/python3.10/site-packages/description.egg-link (link to .)
[0.860s] 
[0.860s] Installed /home/tauver/my_rover_ws/build/description
[0.860s] running symlink_data
[0.860s] symbolically linking /home/tauver/my_rover_ws/build/description/package.xml -> /home/tauver/my_rover_ws/install/description/share/description
[0.860s] symbolically linking /home/tauver/my_rover_ws/build/description/urdf/my_rover.urdf -> /home/tauver/my_rover_ws/install/description/share/description/urdf
[0.860s] symbolically linking /home/tauver/my_rover_ws/build/description/meshes/base_link.STL -> /home/tauver/my_rover_ws/install/description/share/description
[0.861s] symbolically linking /home/tauver/my_rover_ws/build/description/meshes/end_effector.STL -> /home/tauver/my_rover_ws/install/description/share/description
[0.861s] symbolically linking /home/tauver/my_rover_ws/build/description/meshes/link_1.STL -> /home/tauver/my_rover_ws/install/description/share/description
[0.861s] symbolically linking /home/tauver/my_rover_ws/build/description/meshes/link_2.STL -> /home/tauver/my_rover_ws/install/description/share/description
[0.861s] symbolically linking /home/tauver/my_rover_ws/build/description/meshes/link_3.STL -> /home/tauver/my_rover_ws/install/description/share/description
[0.861s] symbolically linking /home/tauver/my_rover_ws/build/description/meshes/link_4.STL -> /home/tauver/my_rover_ws/install/description/share/description
[0.883s] Invoked command in '/home/tauver/my_rover_ws/build/description' returned '0': PYTHONPATH=/home/tauver/my_rover_ws/build/description/prefix_override:/usr/lib/python3/dist-packages/colcon_core/task/python/colcon_distutils_commands:/home/tauver/my_rover_ws/install/description/lib/python3.10/site-packages:${PYTHONPATH} /usr/bin/python3 -W ignore:setup.py install is deprecated -W ignore:easy_install command is deprecated setup.py develop --editable --build-directory /home/tauver/my_rover_ws/build/description/build --no-deps symlink_data --force
